2022-07-20 18:36:47.362  INFO 30716 --- [restartedMain] com.bbd.pritesh.EcartApplication         : Starting EcartApplication using Java 11.0.13 on PriteshB with PID 30716 (C:\Users\bbdnet10182\eclipse-workspace\ecart-aws\target\classes started by bbdnet10182 in C:\Users\bbdnet10182\eclipse-workspace\ecart-aws)
2022-07-20 18:36:47.366  INFO 30716 --- [restartedMain] com.bbd.pritesh.EcartApplication         : No active profile set, falling back to default profiles: default
2022-07-20 18:36:48.953  INFO 30716 --- [restartedMain] o.apache.catalina.core.StandardService   : Starting service [Tomcat]
2022-07-20 18:36:48.953  INFO 30716 --- [restartedMain] org.apache.catalina.core.StandardEngine  : Starting Servlet engine: [Apache Tomcat/9.0.55]
2022-07-20 18:36:49.044  INFO 30716 --- [restartedMain] o.a.c.c.C.[Tomcat].[localhost].[/]       : Initializing Spring embedded WebApplicationContext
2022-07-20 18:36:49.190  INFO 30716 --- [restartedMain] o.hibernate.jpa.internal.util.LogHelper  : HHH000204: Processing PersistenceUnitInfo [name: default]
2022-07-20 18:36:49.259  INFO 30716 --- [restartedMain] org.hibernate.Version                    : HHH000412: Hibernate ORM core version 5.4.32.Final
2022-07-20 18:36:49.424  INFO 30716 --- [restartedMain] o.hibernate.annotations.common.Version   : HCANN000001: Hibernate Commons Annotations {5.1.2.Final}
2022-07-20 18:36:49.525  INFO 30716 --- [restartedMain] com.zaxxer.hikari.HikariDataSource       : HikariCP - Starting...
2022-07-20 18:36:49.910  INFO 30716 --- [restartedMain] com.zaxxer.hikari.HikariDataSource       : HikariCP - Start completed.
2022-07-20 18:36:49.929  INFO 30716 --- [restartedMain] org.hibernate.dialect.Dialect            : HHH000400: Using dialect: org.hibernate.dialect.MySQL8Dialect
2022-07-20 18:36:50.912  INFO 30716 --- [restartedMain] o.h.e.t.j.p.i.JtaPlatformInitiator       : HHH000490: Using JtaPlatform implementation: [org.hibernate.engine.transaction.jta.platform.internal.NoJtaPlatform]
2022-07-20 18:36:52.356  INFO 30716 --- [restartedMain] pertySourcedRequestMappingHandlerMapping : Mapped URL path [/v2/api-docs] onto method [springfox.documentation.swagger2.web.Swagger2Controller#getDocumentation(String, HttpServletRequest)]
2022-07-20 18:36:52.840  INFO 30716 --- [restartedMain] d.s.w.p.DocumentationPluginsBootstrapper : Context refreshed
2022-07-20 18:36:52.861  INFO 30716 --- [restartedMain] d.s.w.p.DocumentationPluginsBootstrapper : Found 1 custom documentation plugin(s)
2022-07-20 18:36:52.882  INFO 30716 --- [restartedMain] s.d.s.w.s.ApiListingReferenceScanner     : Scanning for api listing references
2022-07-20 18:36:53.065  INFO 30716 --- [restartedMain] com.bbd.pritesh.EcartApplication         : Started EcartApplication in 6.062 seconds (JVM running for 7.065)
2022-07-20 18:37:00.434  INFO 30716 --- [http-nio-8080-exec-2] o.a.c.c.C.[Tomcat].[localhost].[/]       : Initializing Spring DispatcherServlet 'dispatcherServlet'
2022-07-20 18:39:28.607  INFO 30716 --- [RMI TCP Connection(2)-127.0.0.1] com.zaxxer.hikari.HikariDataSource       : HikariCP - Shutdown initiated...
2022-07-20 18:39:28.716  INFO 30716 --- [RMI TCP Connection(2)-127.0.0.1] com.zaxxer.hikari.HikariDataSource       : HikariCP - Shutdown completed.
